[2017-04-25 12:45:40 $4654.0]	WARNING	swManager_check_exit_status: worker#0 abnormal exit, status=0, signal=2
[2017-04-25 14:03:07 $4913.0]	WARNING	swManager_check_exit_status: worker#0 abnormal exit, status=0, signal=2
[2017-04-25 14:03:07 $4913.0]	WARNING	swManager_check_exit_status: worker#1 abnormal exit, status=0, signal=2
[2017-04-25 14:12:18 $5107.0]	WARNING	swManager_check_exit_status: worker#0 abnormal exit, status=0, signal=2
[2017-04-25 14:12:18 $5107.0]	WARNING	swManager_check_exit_status: worker#1 abnormal exit, status=0, signal=2
[2017-04-25 14:12:18 $5107.0]	WARNING	swManager_check_exit_status: worker#2 abnormal exit, status=0, signal=2
[2017-04-25 14:16:05 $5211.0]	WARNING	swManager_check_exit_status: worker#0 abnormal exit, status=0, signal=2
[2017-04-25 14:16:05 $5211.0]	WARNING	swManager_check_exit_status: worker#1 abnormal exit, status=0, signal=2
[2017-04-25 14:16:05 $5211.0]	WARNING	swManager_check_exit_status: worker#2 abnormal exit, status=0, signal=2
[2017-04-25 14:19:15 $5261.0]	WARNING	swManager_check_exit_status: worker#0 abnormal exit, status=0, signal=2
[2017-04-25 14:19:15 $5261.0]	WARNING	swManager_check_exit_status: worker#1 abnormal exit, status=0, signal=2
[2017-04-25 14:45:15 $5317.0]	WARNING	swManager_check_exit_status: worker#0 abnormal exit, status=0, signal=2
[2017-04-25 14:45:15 $5317.0]	WARNING	swManager_check_exit_status: worker#1 abnormal exit, status=0, signal=2
[2017-04-25 14:46:07 $5520.0]	WARNING	swManager_check_exit_status: worker#0 abnormal exit, status=0, signal=2
[2017-04-25 14:46:07 $5520.0]	WARNING	swManager_check_exit_status: worker#1 abnormal exit, status=0, signal=2
[2017-04-25 15:28:55 *5552.2]	ERROR	swFactoryProcess_finish (ERROR 1004): send 4 byte failed, because connection[fd=10] is closed.
[2017-04-25 15:28:55 *5552.2]	ERROR	swFactoryProcess_finish (ERROR 1004): send 4 byte failed, because connection[fd=10] is closed.
[2017-04-25 15:28:55 *5552.2]	ERROR	swFactoryProcess_finish (ERROR 1004): send 4 byte failed, because connection[fd=10] is closed.
[2017-04-26 10:57:44 *5553.3]	ERROR	swFactoryProcess_finish (ERROR 1004): send 4 byte failed, because connection[fd=91] is closed.
[2017-04-28 19:10:27 #5075.0]	NOTICE	Server is shutdown now.
[2017-04-28 19:10:27 #5075.0]	ERROR	swReactorThread_free(:1444): pthread_cancel(140533655095040) failed. Error: Interrupted system call[4].
[2017-05-02 10:40:15 $3128.0]	WARNING	swManager_check_exit_status: worker#0 abnormal exit, status=0, signal=2
[2017-05-02 10:40:15 $3128.0]	WARNING	swManager_check_exit_status: worker#4 abnormal exit, status=0, signal=2
[2017-05-02 10:40:15 $3128.0]	WARNING	swManager_check_exit_status: worker#1 abnormal exit, status=0, signal=2
[2017-05-02 10:40:15 $3128.0]	WARNING	swManager_check_exit_status: worker#3 abnormal exit, status=0, signal=2
[2017-05-02 10:44:42 $3798.0]	WARNING	swManager_check_exit_status: worker#0 abnormal exit, status=0, signal=2
[2017-05-02 11:13:45 $3838.0]	WARNING	swManager_check_exit_status: worker#0 abnormal exit, status=0, signal=2
[2017-05-02 11:13:45 $3838.0]	WARNING	swManager_check_exit_status: worker#2 abnormal exit, status=0, signal=2
[2017-05-02 11:25:49 $3912.0]	WARNING	swManager_check_exit_status: worker#0 abnormal exit, status=0, signal=2
[2017-05-02 11:29:54 $3990.0]	WARNING	swManager_check_exit_status: worker#0 abnormal exit, status=0, signal=2
[2017-05-02 11:29:54 $3990.0]	WARNING	swManager_check_exit_status: worker#1 abnormal exit, status=0, signal=2
[2017-05-02 11:32:42 $4016.0]	WARNING	swManager_check_exit_status: worker#0 abnormal exit, status=0, signal=2
[2017-05-02 11:32:42 $4016.0]	WARNING	swManager_check_exit_status: worker#1 abnormal exit, status=0, signal=2
[2017-05-02 11:35:51 $4039.0]	WARNING	swManager_check_exit_status: worker#0 abnormal exit, status=0, signal=2
[2017-05-02 11:35:51 $4039.0]	WARNING	swManager_check_exit_status: worker#1 abnormal exit, status=0, signal=2
[2017-05-02 11:35:51 $4039.0]	WARNING	swManager_check_exit_status: worker#2 abnormal exit, status=0, signal=2
[2017-05-02 11:35:51 $4039.0]	WARNING	swManager_check_exit_status: worker#3 abnormal exit, status=0, signal=2
[2017-05-02 11:53:00 $4072.0]	WARNING	swManager_check_exit_status: worker#0 abnormal exit, status=0, signal=2
[2017-05-02 11:53:00 $4072.0]	WARNING	swManager_check_exit_status: worker#1 abnormal exit, status=0, signal=2
[2017-05-02 11:53:00 $4072.0]	WARNING	swManager_check_exit_status: worker#2 abnormal exit, status=0, signal=2
[2017-05-02 13:59:42 $4195.0]	WARNING	swManager_check_exit_status: worker#0 abnormal exit, status=0, signal=2
[2017-05-02 13:59:42 $4195.0]	WARNING	swManager_check_exit_status: worker#1 abnormal exit, status=0, signal=2
[2017-05-02 14:31:10 $4377.0]	WARNING	swManager_check_exit_status: worker#0 abnormal exit, status=0, signal=2
[2017-05-02 16:37:57 $4701.0]	WARNING	swManager_check_exit_status: worker#0 abnormal exit, status=0, signal=2
[2017-05-02 18:10:07 $5115.0]	WARNING	swManager_check_exit_status: worker#0 abnormal exit, status=0, signal=2
[2017-05-02 18:22:33 $5244.0]	WARNING	swManager_check_exit_status: worker#0 abnormal exit, status=0, signal=2
[2017-05-02 18:22:33 $5244.0]	WARNING	swManager_check_exit_status: worker#1 abnormal exit, status=0, signal=2
[2017-05-02 18:25:52 $5334.0]	WARNING	swManager_check_exit_status: worker#0 abnormal exit, status=0, signal=2
[2017-05-02 18:25:52 $5334.0]	WARNING	swManager_check_exit_status: worker#1 abnormal exit, status=0, signal=2
[2017-05-02 18:25:52 $5334.0]	WARNING	swManager_check_exit_status: worker#2 abnormal exit, status=0, signal=2
[2017-05-02 19:04:10 $5462.0]	WARNING	swManager_check_exit_status: worker#0 abnormal exit, status=0, signal=2
[2017-05-02 19:08:41 $5523.0]	WARNING	swManager_check_exit_status: worker#0 abnormal exit, status=0, signal=2
[2017-05-02 19:09:03 $5586.0]	WARNING	swManager_check_exit_status: worker#1 abnormal exit, status=0, signal=2
[2017-05-03 17:57:44 *7345.2]	ERROR	swFactoryProcess_finish (ERROR 1004): send 4 byte failed, because connection[fd=8] is closed.
[2017-05-03 17:57:44 *7345.2]	ERROR	swFactoryProcess_finish (ERROR 1004): send 104 byte failed, because connection[fd=8] is closed.
[2017-05-04 16:42:38 *7483.2]	ERROR	swFactoryProcess_finish (ERROR 1004): send 42 byte failed, because connection[fd=89] is closed.
[2017-05-04 16:42:38 *7483.2]	ERROR	swFactoryProcess_finish (ERROR 1004): send 76 byte failed, because connection[fd=89] is closed.
[2017-05-05 17:19:18 *11660.4]	ERROR	swFactoryProcess_finish (ERROR 1004): send 4 byte failed, because connection[fd=37] is closed.
[2017-05-05 17:26:04 *11660.4]	ERROR	swFactoryProcess_finish (ERROR 1004): send 30 byte failed, because connection[fd=40] is closed.
[2017-05-05 17:26:04 *11660.4]	ERROR	swFactoryProcess_finish (ERROR 1004): send 4 byte failed, because connection[fd=40] is closed.
[2017-05-05 17:26:04 *11660.4]	ERROR	swFactoryProcess_finish (ERROR 1004): send 4 byte failed, because connection[fd=40] is closed.
[2017-05-05 17:26:04 *11660.4]	ERROR	swFactoryProcess_finish (ERROR 1004): send 30 byte failed, because connection[fd=40] is closed.
[2017-05-05 18:26:57 $12444.0]	WARNING	swManager_check_exit_status: worker#0 abnormal exit, status=0, signal=2
[2017-05-05 18:26:57 $12444.0]	WARNING	swManager_check_exit_status: worker#1 abnormal exit, status=0, signal=2
[2017-05-05 18:26:57 $12444.0]	WARNING	swManager_check_exit_status: worker#2 abnormal exit, status=0, signal=2
[2017-05-05 18:32:39 $12473.0]	WARNING	swManager_check_exit_status: worker#0 abnormal exit, status=0, signal=2
[2017-05-05 18:32:39 $12473.0]	WARNING	swManager_check_exit_status: worker#1 abnormal exit, status=0, signal=2
[2017-05-05 18:34:16 $12548.0]	WARNING	swManager_check_exit_status: worker#0 abnormal exit, status=0, signal=2
[2017-05-05 18:34:16 $12548.0]	WARNING	swManager_check_exit_status: worker#3 abnormal exit, status=0, signal=2
[2017-05-05 18:34:16 $12548.0]	WARNING	swManager_check_exit_status: worker#1 abnormal exit, status=0, signal=2
[2017-05-05 18:34:16 $12548.0]	WARNING	swManager_check_exit_status: worker#2 abnormal exit, status=0, signal=2
[2017-05-06 08:25:09 *12591.2]	ERROR	swFactoryProcess_finish (ERROR 1004): send 2 byte failed, because connection[fd=1] is closed.
[2017-05-06 09:16:48 $14221.0]	WARNING	swManager_check_exit_status: worker#1 abnormal exit, status=0, signal=2
[2017-05-06 09:16:48 $14221.0]	WARNING	swManager_check_exit_status: worker#0 abnormal exit, status=0, signal=2
[2017-05-06 09:16:48 $14221.0]	WARNING	swManager_check_exit_status: worker#2 abnormal exit, status=0, signal=2
[2017-05-06 09:16:48 $14221.0]	WARNING	swManager_check_exit_status: worker#6 abnormal exit, status=0, signal=2
[2017-05-06 09:20:59 $14285.0]	WARNING	swManager_check_exit_status: worker#0 abnormal exit, status=0, signal=2
[2017-05-06 09:20:59 $14285.0]	WARNING	swManager_check_exit_status: worker#2 abnormal exit, status=0, signal=2
[2017-05-06 09:20:59 $14285.0]	WARNING	swManager_check_exit_status: worker#3 abnormal exit, status=0, signal=2
[2017-05-06 09:20:59 $14285.0]	WARNING	swManager_check_exit_status: worker#1 abnormal exit, status=0, signal=2
[2017-05-06 09:24:36 $14329.0]	WARNING	swManager_check_exit_status: worker#1 abnormal exit, status=0, signal=2
[2017-05-06 09:24:36 $14329.0]	WARNING	swManager_check_exit_status: worker#0 abnormal exit, status=0, signal=2
[2017-05-06 09:24:36 $14329.0]	WARNING	swManager_check_exit_status: worker#5 abnormal exit, status=0, signal=2
[2017-05-06 09:24:36 $14329.0]	WARNING	swManager_check_exit_status: worker#3 abnormal exit, status=0, signal=2
[2017-05-06 09:26:18 $14362.0]	WARNING	swManager_check_exit_status: worker#0 abnormal exit, status=0, signal=2
[2017-05-06 10:46:30 $14599.0]	WARNING	swManager_check_exit_status: worker#0 abnormal exit, status=0, signal=2
[2017-05-06 10:46:30 $14599.0]	WARNING	swManager_check_exit_status: worker#4 abnormal exit, status=0, signal=2
[2017-05-06 10:46:30 $14599.0]	WARNING	swManager_check_exit_status: worker#1 abnormal exit, status=0, signal=2
[2017-05-06 14:18:04 $15718.0]	WARNING	swManager_check_exit_status: worker#0 abnormal exit, status=0, signal=2
[2017-05-06 14:18:04 $15718.0]	WARNING	swManager_check_exit_status: worker#1 abnormal exit, status=0, signal=2
[2017-05-06 14:55:47 $15749.0]	WARNING	swManager_check_exit_status: worker#0 abnormal exit, status=0, signal=2
[2017-05-06 14:57:48 $15878.0]	WARNING	swManager_check_exit_status: worker#1 abnormal exit, status=0, signal=2
[2017-05-06 14:57:48 $15878.0]	WARNING	swManager_check_exit_status: worker#0 abnormal exit, status=0, signal=2
[2017-05-06 14:59:31 $15912.0]	WARNING	swManager_check_exit_status: worker#0 abnormal exit, status=0, signal=2
[2017-05-06 14:59:31 $15912.0]	WARNING	swManager_check_exit_status: worker#1 abnormal exit, status=0, signal=2
[2017-05-06 15:03:58 $15941.0]	WARNING	swManager_check_exit_status: worker#0 abnormal exit, status=0, signal=2
[2017-05-06 15:03:58 $15941.0]	WARNING	swManager_check_exit_status: worker#1 abnormal exit, status=0, signal=2
[2017-05-06 15:08:16 $15972.0]	WARNING	swManager_check_exit_status: worker#0 abnormal exit, status=0, signal=2
[2017-05-06 15:08:16 $15972.0]	WARNING	swManager_check_exit_status: worker#1 abnormal exit, status=0, signal=2
[2017-05-06 15:15:52 $16028.0]	WARNING	swManager_check_exit_status: worker#0 abnormal exit, status=0, signal=2
[2017-05-06 15:15:52 $16028.0]	WARNING	swManager_check_exit_status: worker#1 abnormal exit, status=0, signal=2
[2017-05-06 15:21:00 $16127.0]	WARNING	swManager_check_exit_status: worker#0 abnormal exit, status=0, signal=2
[2017-05-06 15:23:55 $16324.0]	WARNING	swManager_check_exit_status: worker#0 abnormal exit, status=0, signal=2
[2017-05-06 15:23:55 $16324.0]	WARNING	swManager_check_exit_status: worker#1 abnormal exit, status=0, signal=2
[2017-05-06 15:23:55 $16324.0]	WARNING	swManager_check_exit_status: worker#3 abnormal exit, status=0, signal=2
[2017-05-06 15:29:31 $16354.0]	WARNING	swManager_check_exit_status: worker#0 abnormal exit, status=0, signal=2
[2017-05-06 15:33:47 $16399.0]	WARNING	swManager_check_exit_status: worker#0 abnormal exit, status=0, signal=2
[2017-05-06 15:33:47 $16399.0]	WARNING	swManager_check_exit_status: worker#1 abnormal exit, status=0, signal=2
[2017-05-06 16:18:43 $16450.0]	WARNING	swManager_check_exit_status: worker#7 abnormal exit, status=0, signal=2
[2017-05-08 08:43:41 $3197.0]	WARNING	swManager_check_exit_status: worker#0 abnormal exit, status=0, signal=2
[2017-05-08 10:29:04 *3240.5]	ERROR	swFactoryProcess_finish (ERROR 1004): send 29 byte failed, because connection[fd=22] is closed.
[2017-05-08 14:16:57 $3231.0]	WARNING	swManager_check_exit_status: worker#0 abnormal exit, status=0, signal=2
[2017-05-08 14:16:57 $3231.0]	WARNING	swManager_check_exit_status: worker#1 abnormal exit, status=0, signal=2
[2017-05-08 14:16:57 $3231.0]	WARNING	swManager_check_exit_status: worker#2 abnormal exit, status=0, signal=2
[2017-05-08 14:17:02 $4054.0]	WARNING	swManager_check_exit_status: worker#0 abnormal exit, status=0, signal=2
[2017-05-08 14:17:02 $4054.0]	WARNING	swManager_check_exit_status: worker#1 abnormal exit, status=0, signal=2
[2017-05-08 14:17:23 $4080.0]	WARNING	swManager_check_exit_status: worker#0 abnormal exit, status=0, signal=2
[2017-05-08 14:17:23 $4080.0]	WARNING	swManager_check_exit_status: worker#1 abnormal exit, status=0, signal=2
[2017-05-08 17:51:44 *4108.4]	ERROR	swFactoryProcess_finish (ERROR 1004): send 140 byte failed, because connection[fd=34] is closed.
[2017-05-09 13:49:29 *4109.5]	ERROR	swFactoryProcess_finish (ERROR 1004): send 30 byte failed, because connection[fd=116] is closed.
[2017-05-09 13:49:29 *4109.5]	ERROR	swFactoryProcess_finish (ERROR 1004): send 138 byte failed, because connection[fd=116] is closed.
[2017-05-10 18:03:27 *4110.6]	ERROR	swFactoryProcess_finish (ERROR 1004): send 30 byte failed, because connection[fd=472] is closed.
[2017-05-10 18:03:27 *4110.6]	ERROR	swFactoryProcess_finish (ERROR 1004): send 138 byte failed, because connection[fd=472] is closed.
[2017-05-11 12:01:01 $10064.0]	WARNING	swManager_check_exit_status: worker#0 abnormal exit, status=0, signal=2
[2017-05-11 12:01:01 $10064.0]	WARNING	swManager_check_exit_status: worker#2 abnormal exit, status=0, signal=2
[2017-05-11 12:01:01 $10064.0]	WARNING	swManager_check_exit_status: worker#4 abnormal exit, status=0, signal=2
[2017-05-11 12:01:01 $10064.0]	WARNING	swManager_check_exit_status: worker#6 abnormal exit, status=0, signal=2
[2017-05-11 14:41:04 $10323.0]	WARNING	swManager_check_exit_status: worker#0 abnormal exit, status=0, signal=2
[2017-05-11 16:49:20 $10436.0]	WARNING	swManager_check_exit_status: worker#0 abnormal exit, status=0, signal=2
[2017-05-11 16:49:20 $10436.0]	WARNING	swManager_check_exit_status: worker#1 abnormal exit, status=0, signal=2
[2017-05-11 16:49:20 $10436.0]	WARNING	swManager_check_exit_status: worker#2 abnormal exit, status=0, signal=2
[2017-05-11 17:07:30 $10670.0]	WARNING	swManager_check_exit_status: worker#2 abnormal exit, status=0, signal=2
[2017-05-11 17:07:30 $10670.0]	WARNING	swManager_check_exit_status: worker#1 abnormal exit, status=0, signal=2
[2017-05-11 17:07:30 $10670.0]	WARNING	swManager_check_exit_status: worker#0 abnormal exit, status=0, signal=2
[2017-05-11 17:07:30 $10670.0]	WARNING	swManager_check_exit_status: worker#3 abnormal exit, status=0, signal=2
[2017-05-11 17:07:56 *10804.5]	ERROR	zm_deactivate_swoole (ERROR 503): Fatal error: Call to a member function getCID2() on a non-object in /home/yjw/phpstorm_workspace/iot_server/AppClient.php on line 1334.
[2017-05-11 17:07:56 $10795.0]	WARNING	swManager_check_exit_status: worker#5 abnormal exit, status=255, signal=0
[2017-05-11 17:08:08 *10809.5]	ERROR	zm_deactivate_swoole (ERROR 503): Fatal error: Call to a member function getCID2() on a non-object in /home/yjw/phpstorm_workspace/iot_server/AppClient.php on line 1334.
[2017-05-11 17:08:08 $10795.0]	WARNING	swManager_check_exit_status: worker#5 abnormal exit, status=255, signal=0
[2017-05-11 17:15:34 $10795.0]	WARNING	swManager_check_exit_status: worker#0 abnormal exit, status=0, signal=2
[2017-05-11 17:15:34 $10795.0]	WARNING	swManager_check_exit_status: worker#1 abnormal exit, status=0, signal=2
[2017-05-11 17:15:56 *10917.4]	ERROR	zm_deactivate_swoole (ERROR 503): Fatal error: Call to a member function getCID2() on a non-object in /home/yjw/phpstorm_workspace/iot_server/AppClient.php on line 1334.
[2017-05-11 17:15:56 $10909.0]	WARNING	swManager_check_exit_status: worker#4 abnormal exit, status=255, signal=0
[2017-05-11 17:18:04 *10923.4]	ERROR	zm_deactivate_swoole (ERROR 503): Fatal error: Call to a member function getCID2() on a non-object in /home/yjw/phpstorm_workspace/iot_server/AppClient.php on line 1334.
[2017-05-11 17:18:04 $10909.0]	WARNING	swManager_check_exit_status: worker#4 abnormal exit, status=255, signal=0
[2017-05-11 17:24:27 *10950.4]	ERROR	zm_deactivate_swoole (ERROR 503): Fatal error: Call to a member function getCID2() on a non-object in /home/yjw/phpstorm_workspace/iot_server/AppClient.php on line 1334.
[2017-05-11 17:24:27 $10909.0]	WARNING	swManager_check_exit_status: worker#4 abnormal exit, status=255, signal=0
[2017-05-11 17:26:30 *11003.4]	ERROR	zm_deactivate_swoole (ERROR 503): Fatal error: Call to a member function getCID2() on a non-object in /home/yjw/phpstorm_workspace/iot_server/AppClient.php on line 1334.
[2017-05-11 17:26:30 $10909.0]	WARNING	swManager_check_exit_status: worker#4 abnormal exit, status=255, signal=0
[2017-05-11 17:26:45 *11028.4]	ERROR	zm_deactivate_swoole (ERROR 503): Fatal error: Call to a member function getCID2() on a non-object in /home/yjw/phpstorm_workspace/iot_server/AppClient.php on line 1334.
[2017-05-11 17:26:45 $10909.0]	WARNING	swManager_check_exit_status: worker#4 abnormal exit, status=255, signal=0
[2017-05-11 17:32:56 $10909.0]	WARNING	swManager_check_exit_status: worker#0 abnormal exit, status=0, signal=2
[2017-05-11 17:32:56 $10909.0]	WARNING	swManager_check_exit_status: worker#1 abnormal exit, status=0, signal=2
[2017-05-11 17:32:56 $10909.0]	WARNING	swManager_check_exit_status: worker#3 abnormal exit, status=0, signal=2
[2017-05-11 17:33:48 $11112.0]	WARNING	swManager_check_exit_status: worker#0 abnormal exit, status=0, signal=2
[2017-05-11 17:33:48 $11112.0]	WARNING	swManager_check_exit_status: worker#1 abnormal exit, status=0, signal=2
[2017-05-11 18:11:19 $11138.0]	WARNING	swManager_check_exit_status: worker#0 abnormal exit, status=0, signal=2
[2017-05-11 18:11:19 $11138.0]	WARNING	swManager_check_exit_status: worker#1 abnormal exit, status=0, signal=2
[2017-05-11 18:11:19 $11138.0]	WARNING	swManager_check_exit_status: worker#2 abnormal exit, status=0, signal=2
[2017-05-12 09:14:29 $13042.0]	WARNING	swManager_check_exit_status: worker#0 abnormal exit, status=0, signal=2
[2017-05-12 09:14:29 $13042.0]	WARNING	swManager_check_exit_status: worker#1 abnormal exit, status=0, signal=2
[2017-05-12 09:14:29 $13042.0]	WARNING	swManager_check_exit_status: worker#2 abnormal exit, status=0, signal=2
[2017-05-12 09:21:31 $13137.0]	WARNING	swManager_check_exit_status: worker#0 abnormal exit, status=0, signal=2
[2017-05-12 09:21:31 $13137.0]	WARNING	swManager_check_exit_status: worker#1 abnormal exit, status=0, signal=2
[2017-05-12 09:32:59 $13217.0]	WARNING	swManager_check_exit_status: worker#0 abnormal exit, status=0, signal=2
[2017-05-12 16:40:25 $14312.0]	WARNING	swManager_check_exit_status: worker#1 abnormal exit, status=0, signal=2
[2017-05-12 16:40:25 $14312.0]	WARNING	swManager_check_exit_status: worker#0 abnormal exit, status=0, signal=2
[2017-05-12 16:40:25 $14312.0]	WARNING	swManager_check_exit_status: worker#2 abnormal exit, status=0, signal=2
[2017-05-12 16:40:25 $14312.0]	WARNING	swManager_check_exit_status: worker#3 abnormal exit, status=0, signal=2
[2017-05-12 16:41:40 *14465.5]	ERROR	zm_deactivate_swoole (ERROR 503): Fatal error: Call to undefined method ITTOPONE\AppClient::push() in /home/yjw/phpstorm_workspace/iot_server/AppClient.php on line 414.
[2017-05-12 16:41:40 $14456.0]	WARNING	swManager_check_exit_status: worker#5 abnormal exit, status=255, signal=0
[2017-05-12 16:43:27 *14466.6]	ERROR	zm_deactivate_swoole (ERROR 503): Fatal error: Call to undefined method ITTOPONE\AppClient::push() in /home/yjw/phpstorm_workspace/iot_server/AppClient.php on line 414.
[2017-05-12 16:43:27 $14456.0]	WARNING	swManager_check_exit_status: worker#6 abnormal exit, status=255, signal=0
[2017-05-12 16:44:04 *14463.3]	ERROR	zm_deactivate_swoole (ERROR 503): Fatal error: Call to undefined method ITTOPONE\AppClient::push() in /home/yjw/phpstorm_workspace/iot_server/AppClient.php on line 414.
[2017-05-12 16:44:04 $14456.0]	WARNING	swManager_check_exit_status: worker#3 abnormal exit, status=255, signal=0
[2017-05-13 09:09:55 *3166.4]	ERROR	swFactoryProcess_finish (ERROR 1004): send 4 byte failed, because connection[fd=10] is closed.
[2017-05-13 16:09:02 *3164.2]	ERROR	swFactoryProcess_finish (ERROR 1004): send 4 byte failed, because connection[fd=161] is closed.
[2017-05-13 18:02:17 $5548.0]	WARNING	swManager_check_exit_status: worker#1 abnormal exit, status=0, signal=2
[2017-05-13 18:02:17 $5548.0]	WARNING	swManager_check_exit_status: worker#0 abnormal exit, status=0, signal=2
[2017-05-13 18:20:50 $5590.0]	WARNING	swManager_check_exit_status: worker#0 abnormal exit, status=0, signal=2
[2017-05-13 18:20:50 $5590.0]	WARNING	swManager_check_exit_status: worker#2 abnormal exit, status=0, signal=2
[2017-05-13 18:20:50 $5590.0]	WARNING	swManager_check_exit_status: worker#3 abnormal exit, status=0, signal=2
[2017-05-13 18:22:55 $5681.0]	WARNING	swManager_check_exit_status: worker#0 abnormal exit, status=0, signal=2
[2017-05-13 18:22:55 $5681.0]	WARNING	swManager_check_exit_status: worker#2 abnormal exit, status=0, signal=2
[2017-05-15 10:20:01 $9106.0]	WARNING	swManager_check_exit_status: worker#0 abnormal exit, status=0, signal=2
[2017-05-15 10:20:01 $9106.0]	WARNING	swManager_check_exit_status: worker#1 abnormal exit, status=0, signal=2
[2017-05-15 10:20:01 $9106.0]	WARNING	swManager_check_exit_status: worker#2 abnormal exit, status=0, signal=2
[2017-05-15 18:38:35 $9130.0]	WARNING	swManager_check_exit_status: worker#0 abnormal exit, status=0, signal=2
[2017-05-15 18:38:35 $9130.0]	WARNING	swManager_check_exit_status: worker#4 abnormal exit, status=0, signal=2
[2017-05-15 18:38:35 $9130.0]	WARNING	swManager_check_exit_status: worker#1 abnormal exit, status=0, signal=2
[2017-05-15 18:39:37 $10067.0]	WARNING	swManager_check_exit_status: worker#0 abnormal exit, status=0, signal=2
[2017-05-15 19:11:38 $10106.0]	WARNING	swManager_check_exit_status: worker#0 abnormal exit, status=0, signal=2
[2017-05-15 19:11:38 $10106.0]	WARNING	swManager_check_exit_status: worker#3 abnormal exit, status=0, signal=2
[2017-05-15 19:11:38 $10106.0]	WARNING	swManager_check_exit_status: worker#1 abnormal exit, status=0, signal=2
[2017-05-16 09:20:14 $11455.0]	WARNING	swManager_check_exit_status: worker#0 abnormal exit, status=0, signal=2
[2017-05-16 16:51:48 *12071.2]	ERROR	swFactoryProcess_finish (ERROR 1004): send 4 byte failed, because connection[fd=9] is closed.
[2017-05-16 19:06:06 *12073.4]	ERROR	swFactoryProcess_finish (ERROR 1004): send 189 byte failed, because connection[fd=580] is closed.
[2017-05-18 15:14:59 *3130.3]	ERROR	swFactoryProcess_finish (ERROR 1004): send 29 byte failed, because connection[fd=59] is closed.
[2017-05-18 15:14:59 *3130.3]	ERROR	swFactoryProcess_finish (ERROR 1004): send 4 byte failed, because connection[fd=59] is closed.
[2017-05-18 15:24:02 $3123.0]	WARNING	swManager_check_exit_status: worker#0 abnormal exit, status=0, signal=2
[2017-05-18 15:40:59 $3961.0]	WARNING	swManager_check_exit_status: worker#0 abnormal exit, status=0, signal=2
[2017-05-18 15:40:59 $3961.0]	WARNING	swManager_check_exit_status: worker#1 abnormal exit, status=0, signal=2
[2017-05-18 15:53:21 $4094.0]	WARNING	swManager_check_exit_status: worker#0 abnormal exit, status=0, signal=2
[2017-05-18 15:53:21 $4094.0]	WARNING	swManager_check_exit_status: worker#1 abnormal exit, status=0, signal=2
[2017-05-18 16:39:58 $4178.0]	WARNING	swManager_check_exit_status: worker#0 abnormal exit, status=0, signal=2
[2017-05-18 16:39:58 $4178.0]	WARNING	swManager_check_exit_status: worker#1 abnormal exit, status=0, signal=2
[2017-05-18 16:39:58 $4178.0]	WARNING	swManager_check_exit_status: worker#2 abnormal exit, status=0, signal=2
